<?xml version="1.0" encoding="UTF-8"?>
<!-- Generated by org.testng.reporters.JUnitReportReporter -->
<testsuite skipped="0" hostname="Farzanas-MacBook-Air.local" name="mExpanse.Pages.TestCases.LogInTC" tests="6" failures="0" timestamp="2022-10-25T15:46:58 BDT" time="33.602" errors="0">
  <testcase name="uiElementVerification" time="0.798" classname="mExpanse.Pages.TestCases.LogInTC"/>
  <system-out/>
  <testcase name="mailFormatValidation" time="15.908" classname="mExpanse.Pages.TestCases.LogInTC"/>
  <system-out/>
  <testcase name="mailPassNotSpecified" time="8.272" classname="mExpanse.Pages.TestCases.LogInTC"/>
  <system-out/>
  <testcase name="wrongmailCorrectPass" time="1.637" classname="mExpanse.Pages.TestCases.LogInTC"/>
  <system-out/>
  <testcase name="correctMailWrongPass" time="2.021" classname="mExpanse.Pages.TestCases.LogInTC"/>
  <system-out/>
  <testcase name="correctMailCorrectPass" time="4.966" classname="mExpanse.Pages.TestCases.LogInTC"/>
  <system-out/>
</testsuite> <!-- mExpanse.Pages.TestCases.LogInTC -->
